1616849951468	geckodriver	INFO	Listening on 127.0.0.1:52140
1616849959009	mozrunner::runner	INFO	Running command: "C:\\Program Files\\Mozilla Firefox\\firefox.exe" "--marionette" "-foreground" "-no-remote" "-profile" "C:\\Users\\Aloysius\\AppData\\Local\\Temp\\rust_mozprofilecJnYLY"
1616849960521	Marionette	INFO	Listening on port 52152
1616849960556	Marionette	WARN	TLS certificate errors will be ignored for this session
JavaScript warning: https://web.telegram.org/js/app.js, line 20: asm.js type error: duplicate name 'n' not allowed
JavaScript warning: https://web.telegram.org/js/app.js, line 31: asm.js type error: numeric literal out of representable integer range
JavaScript warning: https://web.telegram.org/js/app.js, line 36: asm.js type error: fixnum is not a subtype of double? or floatish
JavaScript warning: https://web.telegram.org/js/app.js, line 53: asm.js type error: double is not a subtype of int
1616849998868	Marionette	INFO	Stopped listening on port 52151616850004653	mozrunner::runner	INFO	Running command: "C:\\Program Files\\Mozilla Firefox\\firefox.exe" "--marionette" "-foreground" "-no-remote" "-profile" "C:\\Users\\Aloysius\\AppData\\Local\\Temp\\rust_mozprofileiJzQe6"
1616850006221	Marionette	INFO	Listening on port 52247
1616850006703	Marionette	WARN	TLS certificate errors will be ignored for this session
JavaScript warning: https://web.telegram.org/js/app.js, line 20: asm.js type error: duplicate name 'n' not allowed
JavaScript warning: https://web.telegram.org/js/app.js, line 31: asm.js type error: numeric literal out of representable integer range
JavaScript warning: https://web.telegram.org/js/app.js, line 36: asm.js type error: fixnum is not a subtype of double? or floatish
JavaScript warning: https://web.telegram.org/js/app.js, line 53: asm.js type error: double is not a subtype of int
1616850046531	Marionette	INFO	Stopped listening on port 52241616850052754	mozrunner::runner	INFO	Running command: "C:\\Program Files\\Mozilla Firefox\\firefox.exe" "--marionette" "-foreground" "-no-remote" "-profile" "C:\\Users\\Aloysius\\AppData\\Local\\Temp\\rust_mozprofileuXPpKi"
1616850054283	Marionette	INFO	Listening on port 52354
1616850054301	Marionette	WARN	TLS certificate errors will be ignored for this session
JavaScript warning: https://web.telegram.org/js/app.js, line 20: asm.js type error: duplicate name 'n' not allowed
JavaScript warning: https://web.telegram.org/js/app.js, line 31: asm.js type error: numeric literal out of representable integer range
JavaScript warning: https://web.telegram.org/js/app.js, line 36: asm.js type error: fixnum is not a subtype of double? or floatish
JavaScript warning: https://web.telegram.org/js/app.js, line 53: asm.js type error: double is not a subtype of int
1616850148997	Marionette	INFO	Stopped listening on port 52351616850153653	mozrunner::runner	INFO	Running command: "C:\\Program Files\\Mozilla Firefox\\firefox.exe" "--marionette" "-foreground" "-no-remote" "-profile" "C:\\Users\\Aloysius\\AppData\\Local\\Temp\\rust_mozprofileLk9i7Y"
1616850155182	Marionette	INFO	Listening on port 52668
1616850155212	Marionette	WARN	TLS certificate errors will be ignored for this session
JavaScript warning: https://web.telegram.org/js/app.js, line 20: asm.js type error: duplicate name 'n' not allowed
JavaScript warning: https://web.telegram.org/js/app.js, line 31: asm.js type error: numeric literal out of representable integer range
JavaScript warning: https://web.telegram.org/js/app.js, line 36: asm.js type error: fixnum is not a subtype of double? or floatish
JavaScript warning: https://web.telegram.org/js/app.js, line 53: asm.js type error: double is not a subtype of int
1616850181381	Marionette	INFO	Stopped listening on port 52661616850187263	mozrunner::runner	INFO	Running command: "C:\\Program Files\\Mozilla Firefox\\firefox.exe" "--marionette" "-foreground" "-no-remote" "-profile" "C:\\Users\\Aloysius\\AppData\\Local\\Temp\\rust_mozprofileR7iVgl"
1616850188663	Marionette	INFO	Listening on port 52762
1616850188791	Marionette	WARN	TLS certificate errors will be ignored for this session
JavaScript warning: https://web.telegram.org/js/app.js, line 20: asm.js type error: duplicate name 'n' not allowed
JavaScript warning: https://web.telegram.org/js/app.js, line 31: asm.js type error: numeric literal out of representable integer range
JavaScript warning: https://web.telegram.org/js/app.js, line 36: asm.js type error: fixnum is not a subtype of double? or floatish
JavaScript warning: https://web.telegram.org/js/app.js, line 53: asm.js type error: double is not a subtype of int
console.log: WebExtensions: reset-default-search: No addons in our list are installed.
1616850427829	Marionette	INFO	Stopped listening on port 52761616850432858	mozrunner::runner	INFO	Running command: "C:\\Program Files\\Mozilla Firefox\\firefox.exe" "--marionette" "-foreground" "-no-remote" "-profile" "C:\\Users\\Aloysius\\AppData\\Local\\Temp\\rust_mozprofilekNJLCE"
1616850434310	Marionette	INFO	Listening on port 52985
1616850434400	Marionette	WARN	TLS certificate errors will be ignored for this session
JavaScript warning: https://web.telegram.org/js/app.js, line 20: asm.js type error: duplicate name 'n' not allowed
JavaScript warning: https://web.telegram.org/js/app.js, line 31: asm.js type error: numeric literal out of representable integer range
JavaScript warning: https://web.telegram.org/js/app.js, line 36: asm.js type error: fixnum is not a subtype of double? or floatish
JavaScript warning: https://web.telegram.org/js/app.js, line 53: asm.js type error: double is not a subtype of int
1616850459062	Marionette	INFO	Stopped listening on port 52981616850465472	mozrunner::runner	INFO	Running command: "C:\\Program Files\\Mozilla Firefox\\firefox.exe" "--marionette" "-foreground" "-no-remote" "-profile" "C:\\Users\\Aloysius\\AppData\\Local\\Temp\\rust_mozprofile9xAGDE"
1616850466965	Marionette	INFO	Listening on port 53074
1616850467027	Marionette	WARN	TLS certificate errors will be ignored for this session
JavaScript warning: https://web.telegram.org/js/app.js, line 20: asm.js type error: duplicate name 'n' not allowed
JavaScript warning: https://web.telegram.org/js/app.js, line 31: asm.js type error: numeric literal out of representable integer range
JavaScript warning: https://web.telegram.org/js/app.js, line 36: asm.js type error: fixnum is not a subtype of double? or floatish
JavaScript warning: https://web.telegram.org/js/app.js, line 53: asm.js type error: double is not a subtype of int
console.log: WebExtensions: reset-default-search: No addons in our list are installed.
1616850836070	Marionette	INFO	Stopped listening on port 53071616850841985	mozrunner::runner	INFO	Running command: "C:\\Program Files\\Mozilla Firefox\\firefox.exe" "--marionette" "-foreground" "-no-remote" "-profile" "C:\\Users\\Aloysius\\AppData\\Local\\Temp\\rust_mozprofileM0dJbZ"
1616850843383	Marionette	INFO	Listening on port 53343
1616850843526	Marionette	WARN	TLS certificate errors will be ignored for this session
JavaScript warning: https://web.telegram.org/js/app.js, line 20: asm.js type error: duplicate name 'n' not allowed
JavaScript warning: https://web.telegram.org/js/app.js, line 31: asm.js type error: numeric literal out of representable integer range
JavaScript warning: https://web.telegram.org/js/app.js, line 36: asm.js type error: fixnum is not a subtype of double? or floatish
JavaScript warning: https://web.telegram.org/js/app.js, line 53: asm.js type error: double is not a subtype of int
console.log: WebExtensions: reset-default-search: No addons in our list are installed.
1616851230115	Marionette	INFO	Stopped listening on port 53341616851231012	mozrunner::runner	INFO	Running command: "C:\\Program Files\\Mozilla Firefox\\firefox.exe" "--marionette" "-foreground" "-no-remote" "-profile" "C:\\Users\\Aloysius\\AppData\\Local\\Temp\\rust_mozprofilefGLJAO"
1616851232531	Marionette	INFO	Listening on port 53648
1616851232564	Marionette	WARN	TLS certificate errors will be ignored for this session
JavaScript warning: https://web.telegram.org/js/app.js, line 20: asm.js type error: duplicate name 'n' not allowed
JavaScript warning: https://web.telegram.org/js/app.js, line 31: asm.js type error: numeric literal out of representable integer range
JavaScript warning: https://web.telegram.org/js/app.js, line 36: asm.js type error: fixnum is not a subtype of double? or floatish
JavaScript warning: https://web.telegram.org/js/app.js, line 53: asm.js type error: double is not a subtype of int
1616851319328	Marionette	INFO	Stopped listening on port 53641616851323454	mozrunner::runner	INFO	Running command: "C:\\Program Files\\Mozilla Firefox\\firefox.exe" "--marionette" "-foreground" "-no-remote" "-profile" "C:\\Users\\Aloysius\\AppData\\Local\\Temp\\rust_mozprofile7oPAdr"
1616851324977	Marionette	INFO	Listening on port 53769
1616851325004	Marionette	WARN	TLS certificate errors will be ignored for this session
JavaScript warning: https://web.telegram.org/js/app.js, line 20: asm.js type error: duplicate name 'n' not allowed
JavaScript warning: https://web.telegram.org/js/app.js, line 31: asm.js type error: numeric literal out of representable integer range
JavaScript warning: https://web.telegram.org/js/app.js, line 36: asm.js type error: fixnum is not a subtype of double? or floatish
JavaScript warning: https://web.telegram.org/js/app.js, line 53: asm.js type error: double is not a subtype of int
console.log: WebExtensions: reset-default-search: No addons in our list are installed.
1616852387281	Marionette	INFO	Stopped listening on port 53769

###!!! [Child][RunMessage] Error: Channel closing: too late to send/recv, messages will be lost

"--marionette" "-foreground" "-no-remote" "-profile" "C:\\Users\\Aloysius\\AppData\\Local\\Temp\\rust_mozprofileP8YXCh"
1616852136657	Marionette	INFO	Listening on port 54295
1616852136744	Marionette	WARN	TLS certificate errors will be ignored for this session
JavaScript warning: https://web.telegram.org/js/app.js, line 20: asm.js type error: duplicate name 'n' not allowed
JavaScript warning: https://web.telegram.org/js/app.js, line 31: asm.js type error: numeric literal out of representable integer range
JavaScript warning: https://web.telegram.org/js/app.js, line 36: asm.js type error: fixnum is not a subtype of double? or floatish
JavaScript warning: https://web.telegram.org/js/app.js, line 53: asm.js type error: double is not a subtype of int
console.log: WebExtensions: reset-default-search: No addons in our list are installed.
1616852375552	Marionette	INFO	Stopped listening on port 54291616852382047	mozrunner::runner	INFO	Running command: "C:\\Program Files\\Mozilla Firefox\\firefox.exe" "--marionette" "-foreground" "-no-remote" "-profile" "C:\\Users\\Aloysius\\AppData\\Local\\Temp\\rust_mozprofilezev8tD"
1616852383495	Marionette	INFO	Listening on port 54531
1616852383604	Marionette	WARN	TLS certificate errors will be ignored for this session
JavaScript warning: https://web.telegram.org/js/app.js, line 20: asm.js type error: duplicate name 'n' not allowed
JavaScript warning: https://web.telegram.org/js/app.js, line 31: asm.js type error: numeric literal out of representable integer range
JavaScript warning: https://web.telegram.org/js/app.js, line 36: asm.js type error: fixnum is not a subtype of double? or floatish
JavaScript warning: https://web.telegram.org/js/app.js, line 53: asm.js type error: double is not a subtype of int
1616852425064	Marionette	INFO	Stopped listening on port 54531616852432089	mozrunner::runner	INFO	Running command: "C:\\Program Files\\Mozilla Firefox\\firefox.exe" "--marionette" "-foreground" "-no-remote" "-profile" "C:\\Users\\Aloysius\\AppData\\Local\\Temp\\rust_mozprofileD7uauM"
1616852433756	Marionette	INFO	Listening on port 54659
1616852434165	Marionette	WARN	TLS certificate errors will be ignored for this session
JavaScript warning: https://web.telegram.org/js/app.js, line 20: asm.js type error: duplicate name 'n' not allowed
JavaScript warning: https://web.telegram.org/js/app.js, line 31: asm.js type error: numeric literal out of representable integer range
JavaScript warning: https://web.telegram.org/js/app.js, line 36: asm.js type error: fixnum is not a subtype of double? or floatish
JavaScript warning: https://web.telegram.org/js/app.js, line 53: asm.js type error: double is not a subtype of int
console.log: WebExtensions: reset-default-search: No addons in our list are installed.
[Parent 13464, IPC I/O Parent] WARNING: file /builds/worker/1616853296421	mozrunner::runner	INFO	Running command: "C:\\Program Files\\Mozilla Firefox\\firefox.exe" "--marionette" "-foreground" "-no-remote" "-profile" "C:\\Users\\Aloysius\\AppData\\Local\\Temp\\rust_mozprofile2zye43"
1616853297963	Marionette	INFO	Listening on port 55194
1616853298463	Marionette	WARN	TLS certificate errors will be ignored for this session
JavaScript warning: https://web.telegram.org/js/app.js, line 20: asm.js type error: duplicate name 'n' not allowed
JavaScript warning: https://web.telegram.org/js/app.js, line 31: asm.js type error: numeric literal out of representable integer range
JavaScript warning: https://web.telegram.org/js/app.js, line 36: asm.js type error: fixnum is not a subtype of double? or floatish
JavaScript warning: https://web.telegram.org/js/app.js, line 53: asm.js type error: double is not a subtype of int
1616853359938	Marionette	INFO	Stopped listening on port 55191616853366257	mozrunner::runner	INFO	Running command: "C:\\Program Files\\Mozilla Firefox\\firefox.exe" "--marionette" "-foreground" "-no-remote" "-profile" "C:\\Users\\Aloysius\\AppData\\Local\\Temp\\rust_mozprofilesjOZ4C"
1616853367776	Marionette	INFO	Listening on port 55317
1616853367815	Marionette	WARN	TLS certificate errors will be ignored for this session
JavaScript warning: https://web.telegram.org/js/app.js, line 20: asm.js type error: duplicate name 'n' not allowed
JavaScript warning: https://web.telegram.org/js/app.js, line 31: asm.js type error: numeric literal out of representable integer range
JavaScript warning: https://web.telegram.org/js/app.js, line 36: asm.js type error: fixnum is not a subtype of double? or floatish
JavaScript warning: https://web.telegram.org/js/app.js, line 53: asm.js type error: double is not a subtype of int
1616853409490	Marionette	INFO	Stopped listening on port 55311616853415133	mozrunner::runner	INFO	Running command: "C:\\Program Files\\Mozilla Firefox\\firefox.exe" "--marionette" "-foreground" "-no-remote" "-profile" "C:\\Users\\Aloysius\\AppData\\Local\\Temp\\rust_mozprofileXUONUL"
1616853416606	Marionette	INFO	Listening on port 55418
1616853416680	Marionette	WARN	TLS certificate errors will be ignored for this session
JavaScript warning: https://web.telegram.org/js/app.js, line 20: asm.js type error: duplicate name 'n' not allowed
JavaScript warning: https://web.telegram.org/js/app.js, line 31: asm.js type error: numeric literal out of representable integer range
JavaScript warning: https://web.telegram.org/js/app.js, line 36: asm.js type error: fixnum is not a subtype of double? or floatish
JavaScript warning: https://web.telegram.org/js/app.js, line 53: asm.js type error: double is not a subtype of int
1616853510295	Marionette	INFO	Stopped listening on port 55418

###!!! [Child][RunMessage] Error: Channel closing: too late to send/recv, messages will be lost

1616853533849	geckodriver	INFO	Listening on 127.0.0.1:55540
1616853541370	mozrunner::runner	INFO	Running command: "C:\\Program Files\\Mozilla Firefox\\firefox.exe" "--marionette" "-foreground" "-no-remote" "-profile" "C:\\Users\\Aloysius\\AppData\\Local\\Temp\\rust_mozprofileCIy06B"
1616853542837	Marionette	INFO	Listening on port 55554
1616853542930	Marionette	WARN	TLS certificate errors will be ignored for this session
JavaScript warning: https://web.telegram.org/js/app.js, line 20: asm.js type error: duplicate name 'n' not allowed
JavaScript warning: https://web.telegram.org/js/app.js, line 31: asm.js type error: numeric literal out of representable integer range
JavaScript warning: https://web.telegram.org/js/app.js, line 36: asm.js type error: fixnum is not a subtype of double? or floatish
JavaScript warning: https://web.telegram.org/js/app.js, line 53: asm.js type error: double is not a subtype of int
1616853607336	Marionette	INFO	Stopped listening on port 55551616853613419	mozrunner::runner	INFO	Running command: "C:\\Program Files\\Mozilla Firefox\\firefox.exe" "--marionette" "-foreground" "-no-remote" "-profile" "C:\\Users\\Aloysius\\AppData\\Local\\Temp\\rust_mozprofileQazqjN"
1616853614898	Marionette	INFO	Listening on port 55652
1616853614953	Marionette	WARN	TLS certificate errors will be ignored for this session
JavaScript warning: https://web.telegram.org/js/app.js, line 20: asm.js type error: duplicate name 'n' not allowed
JavaScript warning: https://web.telegram.org/js/app.js, line 31: asm.js type error: numeric literal out of representable integer range
JavaScript warning: https://web.telegram.org/js/app.js, line 36: asm.js type error: fixnum is not a subtype of double? or floatish
JavaScript warning: https://web.telegram.org/js/app.js, line 53: asm.js type error: double is not a subtype of int
1616853621432	Marionette	INFO	Stopped listening on port 55652

###!!! [Child][RunMessage] Error: Channel closing: too late to send/recv, messages will be lost

1616853626633	geckodriver	INFO	Listening on 127.0.0.1:55711
1616853633657	mozrunner::runner	INFO	Running command: "C:\\Program Files\\Mozilla Firefox\\firefox.exe" "--marionette" "-foreground" "-no-remote" "-profile" "C:\\Users\\Aloysius\\AppData\\Local\\Temp\\rust_mozprofileoaUK2U"
1616853635105	Marionette	INFO	Listening on port 55719
1616853635206	Marionette	WARN	TLS certificate errors will be ignored for this session
JavaScript warning: https://web.telegram.org/js/app.js, line 20: asm.js type error: duplicate name 'n' not allowed
JavaScript warning: https://web.telegram.org/js/app.js, line 31: asm.js type error: numeric literal out of representable integer range
JavaScript warning: https://web.telegram.org/js/app.js, line 36: asm.js type error: fixnum is not a subtype of double? or floatish
JavaScript warning: https://web.telegram.org/js/app.js, line 53: asm.js type error: double is not a subtype of int
[Parent 4972, IPC I/O Parent] WARNING: file /builds/worker/c1616853732223	mozrunner::runner	INFO	Running command: "C:\\Program Files\\Mozilla Firefox\\firefox.exe" "--marionette" "-foreground" "-no-remote" "-profile" "C:\\Users\\Aloysius\\AppData\\Local\\Temp\\rust_mozprofile0FVDpF"
1616853733804	Marionette	INFO	Listening on port 55810
1616853734275	Marionette	WARN	TLS certificate errors will be ignored for this session
JavaScript warning: https://web.telegram.org/js/app.js, line 20: asm.js type error: duplicate name 'n' not allowed
JavaScript warning: https://web.telegram.org/js/app.js, line 31: asm.js type error: numeric literal out of representable integer range
JavaScript warning: https://web.telegram.org/js/app.js, line 36: asm.js type error: fixnum is not a subtype of double? or floatish
JavaScript warning: https://web.telegram.org/js/app.js, line 53: asm.js type error: double is not a subtype of int
console.log: WebExtensions: reset-default-search: No addons in our list are installed.
1616853970743	Marionette	INFO	Stopped listening on port 55811616853977096	mozrunner::runner	INFO	Running command: "C:\\Program Files\\Mozilla Firefox\\firefox.exe" "--marionette" "-foreground" "-no-remote" "-profile" "C:\\Users\\Aloysius\\AppData\\Local\\Temp\\rust_mozprofileMHSpmK"
1616853978677	Marionette	INFO	Listening on port 55913
1616853979148	Marionette	WARN	TLS certificate errors will be ignored for this session
JavaScript warning: https://web.telegram.org/js/app.js, line 20: asm.js type error: duplicate name 'n' not allowed
JavaScript warning: https://web.telegram.org/js/app.js, line 31: asm.js type error: numeric literal out of representable integer range
JavaScript warning: https://web.telegram.org/js/app.js, line 36: asm.js type error: fixnum is not a subtype of double? or floatish
JavaScript warning: https://web.telegram.org/js/app.js, line 53: asm.js type error: double is not a subtype of int
console.log: WebExtensions: reset-default-search: No addons in our list are installed.
1616855628042	Marionette	INFO	Stopped listening on port 55911616855628774	mozrunner::runner	INFO	Running command: "C:\\Program Files\\Mozilla Firefox\\firefox.exe" "--marionette" "-foreground" "-no-remote" "-profile" "C:\\Users\\Aloysius\\AppData\\Local\\Temp\\rust_mozprofilewqjPyU"
1616855631223	Marionette	INFO	Listening on port 56148
1616855631463	Marionette	WARN	TLS certificate errors will be ignored for this session
JavaScript warning: https://web.telegram.org/js/app.js, line 20: asm.js type error: duplicate name 'n' not allowed
JavaScript warning: https://web.telegram.org/js/app.js, line 31: asm.js type error: numeric literal out of representable integer range
JavaScript warning: https://web.telegram.org/js/app.js, line 36: asm.js type error: fixnum is not a subtype of double? or floatish
JavaScript warning: https://web.telegram.org/js/app.js, line 53: asm.js type error: double is not a subtype of int
console.log: WebExtensions: reset-default-search: No addons in our list are installed.
1616863004463	Marionette	INFO	Stopped listening on port 56141616863011243	mozrunner::runner	INFO	Running command: "C:\\Program Files\\Mozilla Firefox\\firefox.exe" "--marionette" "-foreground" "-no-remote" "-profile" "C:\\Users\\Aloysius\\AppData\\Local\\Temp\\rust_mozprofileftNikB"
1616863012685	Marionette	INFO	Listening on port 56675
1616863012796	Marionette	WARN	TLS certificate errors will be ignored for this session
JavaScript warning: https://web.telegram.org/js/app.js, line 20: asm.js type error: duplicate name 'n' not allowed
JavaScript warning: https://web.telegram.org/js/app.js, line 31: asm.js type error: numeric literal out of representable integer range
JavaScript warning: https://web.telegram.org/js/app.js, line 36: asm.js type error: fixnum is not a subtype of double? or floatish
JavaScript warning: https://web.telegram.org/js/app.js, line 53: asm.js type error: double is not a subtype of int
console.log: WebExtensions: reset-default-search: No addons in our list are installed.
1616863168067	Marionette	INFO	Stopped listening on port 56671616863173866	mozrunner::runner	INFO	Running command: "C:\\Program Files\\Mozilla Firefox\\firefox.exe" "--marionette" "-foreground" "-no-remote" "-profile" "C:\\Users\\Aloysius\\AppData\\Local\\Temp\\rust_mozprofileZQLaoy"
1616863175288	Marionette	INFO	Listening on port 56780
1616863175419	Marionette	WARN	TLS certificate errors will be ignored for this session
JavaScript warning: https://web.telegram.org/js/app.js, line 20: asm.js type error: duplicate name 'n' not allowed
JavaScript warning: https://web.telegram.org/js/app.js, line 31: asm.js type error: numeric literal out of representable integer range
JavaScript warning: https://web.telegram.org/js/app.js, line 36: asm.js type error: fixnum is not a subtype of double? or floatish
JavaScript warning: https://web.telegram.org/js/app.js, line 53: asm.js type error: double is not a subtype of int
console.log: WebExtensions: reset-default-search: No addons in our list are installed.
1616863396140	Marionette	INFO	Stopped listening on port 56781616863402112	mozrunner::runner	INFO	Running command: "C:\\Program Files\\Mozilla Firefox\\firefox.exe" "--marionette" "-foreground" "-no-remote" "-profile" "C:\\Users\\Aloysius\\AppData\\Local\\Temp\\rust_mozprofileE3awNU"
1616863403552	Marionette	INFO	Listening on port 56905
1616863403650	Marionette	WARN	TLS certificate errors will be ignored for this session
JavaScript warning: https://web.telegram.org/js/app.js, line 20: asm.js type error: duplicate name 'n' not allowed
JavaScript warning: https://web.telegram.org/js/app.js, line 31: asm.js type error: numeric literal out of representable integer range
JavaScript warning: https://web.telegram.org/js/app.js, line 36: asm.js type error: fixnum is not a subtype of double? or floatish
JavaScript warning: https://web.telegram.org/js/app.js, line 53: asm.js type error: double is not a subtype of int
1616863516660	Marionette	INFO	Stopped listening on port 56901616863522489	mozrunner::runner	INFO	Running command: "C:\\Program Files\\Mozilla Firefox\\firefox.exe" "--marionette" "-foreground" "-no-remote" "-profile" "C:\\Users\\Aloysius\\AppData\\Local\\Temp\\rust_mozprofileOjnd0n"
1616863523861	Marionette	INFO	Listening on port 56992
1616863524041	Marionette	WARN	TLS certificate errors will be ignored for this session
JavaScript warning: https://web.telegram.org/js/app.js, line 20: asm.js type error: duplicate name 'n' not allowed
JavaScript warning: https://web.telegram.org/js/app.js, line 31: asm.js type error: numeric literal out of representable integer range
JavaScript warning: https://web.telegram.org/js/app.js, line 36: asm.js type error: fixnum is not a subtype of double? or floatish
JavaScript warning: https://web.telegram.org/js/app.js, line 53: asm.js type error: double is not a subtype of int
console.log: WebExtensions: reset-default-search: No addons in our list are installed.
1616864239444	Marionette	INFO	Stopped listening on port 56991616864245350	mozrunner::runner	INFO	Running command: "C:\\Program Files\\Mozilla Firefox\\firefox.exe" "--marionette" "-foreground" "-no-remote" "-profile" "C:\\Users\\Aloysius\\AppData\\Local\\Temp\\rust_mozprofileHwpcRA"
1616864246815	Marionette	INFO	Listening on port 57116
1616864246894	Marionette	WARN	TLS certificate errors will be ignored for this session
JavaScript warning: https://web.telegram.org/js/app.js, line 20: asm.js type error: duplicate name 'n' not allowed
JavaScript warning: https://web.telegram.org/js/app.js, line 31: asm.js type error: numeric literal out of representable integer range
JavaScript warning: https://web.telegram.org/js/app.js, line 36: asm.js type error: fixnum is not a subtype of double? or floatish
JavaScript warning: https://web.telegram.org/js/app.js, line 53: asm.js type error: double is not a subtype of int
[Parent 1552, IPC I/O Parent] WARNING: file /builds/worker/c1616864357983	mozrunner::runner	INFO	Running command: "C:\\Program Files\\Mozilla Firefox\\firefox.exe" "--marionette" "-foreground" "-no-remote" "-profile" "C:\\Users\\Aloysius\\AppData\\Local\\Temp\\rust_mozprofileNW3iGP"
1616864359409	Marionette	INFO	Listening on port 57207
1616864359526	Marionette	WARN	TLS certificate errors will be ignored for this session
JavaScript warning: https://web.telegram.org/js/app.js, line 20: asm.js type error: duplicate name 'n' not allowed
JavaScript warning: https://web.telegram.org/js/app.js, line 31: asm.js type error: numeric literal out of representable integer range
JavaScript warning: https://web.telegram.org/js/app.js, line 36: asm.js type error: fixnum is not a subtype of double? or floatish
JavaScript warning: https://web.telegram.org/js/app.js, line 53: asm.js type error: double is not a subtype of int
console.log: WebExtensions: reset-default-search: No addons in our list are installed.
1616864789835	Marionette	INFO	Stopped listening on port 57207
6864534745	mozrunner::runner	INFO	Running command: "C:\\Program Files\\Mozilla Firefox\\firefox.exe" "--marionette" "-foreground" "-no-remote" "-profile" "C:\\Users\\Aloysius\\AppData\\Local\\Temp\\rust_mozprofileQVL9Br"
1616864536139	Marionette	INFO	Listening on port 57303
1616864536296	Marionette	WARN	TLS certificate errors will be ignored for this session
JavaScript warning: https://web.telegram.org/js/app.js, line 20: asm.js type error: duplicate name 'n' not allowed
JavaScript warning: https://web.telegram.org/js/app.js, line 31: asm.js type error: numeric literal out of representable integer range
JavaScript warning: https://web.telegram.org/js/app.js, line 36: asm.js type error: fixnum is not a subtype of double? or floatish
JavaScript warning: https://web.telegram.org/js/app.js, line 53: asm.js type error: double is not a subtype of int
console.log: WebExtensions: reset-default-search: No addons in our list are installed.
1616864695901	Marionette	INFO	Stopped listening on port 57301616864701453	mozrunner::runner	INFO	Running command: "C:\\Program Files\\Mozilla Firefox\\firefox.exe" "--marionette" "-foreground" "-no-remote" "-profile" "C:\\Users\\Aloysius\\AppData\\Local\\Temp\\rust_mozprofileGw2ui1"
1616864702872	Marionette	INFO	Listening on port 57409
1616864702993	Marionette	WARN	TLS certificate errors will be ignored for this session
JavaScript warning: https://web.telegram.org/js/app.js, line 20: asm.js type error: duplicate name 'n' not allowed
JavaScript warning: https://web.telegram.org/js/app.js, line 31: asm.js type error: numeric literal out of representable integer range
JavaScript warning: https://web.telegram.org/js/app.js, line 36: asm.js type error: fixnum is not a subtype of double? or floatish
JavaScript warning: https://web.telegram.org/js/app.js, line 53: asm.js type error: double is not a subtype of int
console.log: WebExtensions: reset-default-search: No addons in our list are installed.
1616873534314	Marionette	INFO	Stopped listening on port 57409

###!!! [Child][RunMessage] Error: Channel closing: too late to send/recv, messages will be lost

"--marionette" "-foreground" "-no-remote" "-profile" "C:\\Users\\Aloysius\\AppData\\Local\\Temp\\rust_mozprofile6aAU1N"
1616872051932	Marionette	INFO	Listening on port 57807
1616872052370	Marionette	WARN	TLS certificate errors will be ignored for this session
JavaScript warning: https://web.telegram.org/js/app.js, line 20: asm.js type error: duplicate name 'n' not allowed
JavaScript warning: https://web.telegram.org/js/app.js, line 31: asm.js type error: numeric literal out of representable integer range
JavaScript warning: https://web.telegram.org/js/app.js, line 36: asm.js type error: fixnum is not a subtype of double? or floatish
JavaScript warning: https://web.telegram.org/js/app.js, line 53: asm.js type error: double is not a subtype of int
console.log: WebExtensions: reset-default-search: No addons in our list are installed.
1616873545069	Marionette	INFO	Stopped listening on port 57807

###!!! [Child][RunMessage] Error: Channel closing: too late to send/recv, messages will be lost

"--marionette" "-foreground" "-no-remote" "-profile" "C:\\Users\\Aloysius\\AppData\\Local\\Temp\\rust_mozprofileQ6HLPt"
1616872802792	Marionette	INFO	Listening on port 58177
1616872803326	Marionette	WARN	TLS certificate errors will be ignored for this session
JavaScript warning: https://web.telegram.org/js/app.js, line 20: asm.js type error: duplicate name 'n' not allowed
JavaScript warning: https://web.telegram.org/js/app.js, line 31: asm.js type error: numeric literal out of representable integer range
JavaScript warning: https://web.telegram.org/js/app.js, line 36: asm.js type error: fixnum is not a subtype of double? or floatish
JavaScript warning: https://web.telegram.org/js/app.js, line 53: asm.js type error: double is not a subtype of int
console.log: WebExtensions: reset-default-search: No addons in our list are installed.
1616872996062	Marionette	INFO	Stopped listening on port 58171616873002711	mozrunner::runner	INFO	Running command: "C:\\Program Files\\Mozilla Firefox\\firefox.exe" "--marionette" "-foreground" "-no-remote" "-profile" "C:\\Users\\Aloysius\\AppData\\Local\\Temp\\rust_mozprofile99Edpc"
1616873004158	Marionette	INFO	Listening on port 58290
1616873004264	Marionette	WARN	TLS certificate errors will be ignored for this session
JavaScript warning: https://web.telegram.org/js/app.js, line 20: asm.js type error: duplicate name 'n' not allowed
JavaScript warning: https://web.telegram.org/js/app.js, line 31: asm.js type error: numeric literal out of representable integer range
JavaScript warning: https://web.telegram.org/js/app.js, line 36: asm.js type error: fixnum is not a subtype of double? or floatish
JavaScript warning: https://web.telegram.org/js/app.js, line 53: asm.js type error: double is not a subtype of int
console.log: WebExtensions: reset-default-search: No addons in our list are installed.
[Parent 18124, IPC I/O Parent] WARNING: file /builds/worker/1616873178566	mozrunner::runner	INFO	Running command: "C:\\Program Files\\Mozilla Firefox\\firefox.exe" "--marionette" "-foreground" "-no-remote" "-profile" "C:\\Users\\Aloysius\\AppData\\Local\\Temp\\rust_mozprofileBKvjHy"
1616873180234	Marionette	INFO	Listening on port 58393
1616873180628	Marionette	WARN	TLS certificate errors will be ignored for this session
JavaScript warning: https://web.telegram.org/js/app.js, line 20: asm.js type error: duplicate name 'n' not allowed
JavaScript warning: https://web.telegram.org/js/app.js, line 31: asm.js type error: numeric literal out of representable integer range
JavaScript warning: https://web.telegram.org/js/app.js, line 36: asm.js type error: fixnum is not a subtype of double? or floatish
JavaScript warning: https://web.telegram.org/js/app.js, line 53: asm.js type error: double is not a subtype of int
1616873182878	Marionette	INFO	Stopped listening on port 58393

###!!! [Child][RunMessage] Error: Channel closing: too late to send/recv, messages will be lost

1616873188862	geckodriver	INFO	Listening on 127.0.0.1:58450
1616873196228	mozrunner::runner	INFO	Running command: "C:\\Program Files\\Mozilla Firefox\\firefox.exe" "--marionette" "-foreground" "-no-remote" "-profile" "C:\\Users\\Aloysius\\AppData\\Local\\Temp\\rust_mozprofilen0H8qZ"
1616873197708	Marionette	INFO	Listening on port 58462
1616873197763	Marionette	WARN	TLS certificate errors will be ignored for this session
JavaScript warning: https://web.telegram.org/js/app.js, line 20: asm.js type error: duplicate name 'n' not allowed
JavaScript warning: https://web.telegram.org/js/app.js, line 31: asm.js type error: numeric literal out of representable integer range
JavaScript warning: https://web.telegram.org/js/app.js, line 36: asm.js type error: fixnum is not a subtype of double? or floatish
JavaScript warning: https://web.telegram.org/js/app.js, line 53: asm.js type error: double is not a subtype of int
console.log: WebExtensions: reset-default-search: No addons in our list are installed.
1616873752195	Marionette	INFO	Stopped listening on port 58461616873758598	mozrunner::runner	INFO	Running command: "C:\\Program Files\\Mozilla Firefox\\firefox.exe" 